2025-10-01 05:30:03 [2.3] [INFO] === Start skriptu ===
2025-10-01 05:30:03 [2.3] [INFO] Verzia: 2.3
2025-10-01 05:30:03 [2.3] [INFO] Pocitac: MOP8902
2025-10-01 05:30:03 [2.3] [INFO] Heslo pre Sklad: Tauris8902
2025-10-01 05:30:03 [2.3] [INFO] Spracovavam ucet: Root
2025-10-01 05:30:03 [2.3] [INFO] Heslo pre Root bolo uspesne nastavene (heslo vyprsi o 365 dni).
2025-10-01 05:30:03 [2.3] [INFO] Spracovavam ucet: Admin
2025-10-01 05:30:03 [2.3] [INFO] Heslo pre Admin bolo uspesne nastavene (heslo vyprsi o 365 dni).
2025-10-01 05:30:03 [2.3] [INFO] Spracovavam ucet: Sklad
2025-10-01 05:30:03 [2.3] [INFO] Heslo pre Sklad bolo uspesne nastavene (heslo vyprsi o 365 dni).
2025-10-01 05:30:03 [2.3] [INFO] Aplikujem politiku hesiel...
2025-10-01 05:30:11 [2.3] [INFO] Politika hesiel bola uspesne aplikovana
2025-10-01 05:30:11 [2.3] [INFO] === Sumarizacia ===
2025-10-01 05:30:11 [2.3] [INFO] Celkovy pocet uctov: 3
2025-10-01 05:30:11 [2.3] [INFO] Uspesne: 3
2025-10-01 05:30:11 [2.3] [INFO] Neuspesne: 0
2025-10-01 05:30:11 [2.3] [INFO] Ucet Root: USPESNE
2025-10-01 05:30:11 [2.3] [INFO] Ucet Admin: USPESNE
2025-10-01 05:30:11 [2.3] [INFO] Ucet Sklad: USPESNE
2025-10-01 05:30:11 [2.3] [INFO] INTUNE_RESULT: SUCCESS - Vsetky ucty boli uspesne spracovane.
2025-10-01 05:30:11 [2.3] [INFO] === Koniec skriptu ===
2025-10-02 05:30:02 [2.3] [INFO] === Start skriptu ===
2025-10-02 05:30:02 [2.3] [INFO] Verzia: 2.3
2025-10-02 05:30:02 [2.3] [INFO] Pocitac: MOP8902
2025-10-02 05:30:02 [2.3] [INFO] Heslo pre Sklad: Tauris8902
2025-10-02 05:30:02 [2.3] [INFO] Spracovavam ucet: Root
2025-10-02 05:30:02 [2.3] [INFO] Heslo pre Root bolo uspesne nastavene (heslo vyprsi o 365 dni).
2025-10-02 05:30:02 [2.3] [INFO] Spracovavam ucet: Admin
2025-10-02 05:30:02 [2.3] [INFO] Heslo pre Admin bolo uspesne nastavene (heslo vyprsi o 365 dni).
2025-10-02 05:30:02 [2.3] [INFO] Spracovavam ucet: Sklad
2025-10-02 05:30:02 [2.3] [INFO] Heslo pre Sklad bolo uspesne nastavene (heslo vyprsi o 365 dni).
2025-10-02 05:30:02 [2.3] [INFO] Aplikujem politiku hesiel...
2025-10-02 05:30:10 [2.3] [INFO] Politika hesiel bola uspesne aplikovana
2025-10-02 05:30:10 [2.3] [INFO] === Sumarizacia ===
2025-10-02 05:30:10 [2.3] [INFO] Celkovy pocet uctov: 3
2025-10-02 05:30:10 [2.3] [INFO] Uspesne: 3
2025-10-02 05:30:10 [2.3] [INFO] Neuspesne: 0
2025-10-02 05:30:10 [2.3] [INFO] Ucet Root: USPESNE
2025-10-02 05:30:10 [2.3] [INFO] Ucet Admin: USPESNE
2025-10-02 05:30:10 [2.3] [INFO] Ucet Sklad: USPESNE
2025-10-02 05:30:10 [2.3] [INFO] INTUNE_RESULT: SUCCESS - Vsetky ucty boli uspesne spracovane.
2025-10-02 05:30:10 [2.3] [INFO] === Koniec skriptu ===
2025-10-03 05:30:02 [2.3] [INFO] === Start skriptu ===
2025-10-03 05:30:02 [2.3] [INFO] Verzia: 2.3
2025-10-03 05:30:02 [2.3] [INFO] Pocitac: MOP8902
2025-10-03 05:30:02 [2.3] [INFO] Heslo pre Sklad: Tauris8902
2025-10-03 05:30:02 [2.3] [INFO] Spracovavam ucet: Root
2025-10-03 05:30:02 [2.3] [INFO] Heslo pre Root bolo uspesne nastavene (heslo vyprsi o 365 dni).
2025-10-03 05:30:02 [2.3] [INFO] Spracovavam ucet: Admin
2025-10-03 05:30:02 [2.3] [INFO] Heslo pre Admin bolo uspesne nastavene (heslo vyprsi o 365 dni).
2025-10-03 05:30:02 [2.3] [INFO] Spracovavam ucet: Sklad
2025-10-03 05:30:02 [2.3] [INFO] Heslo pre Sklad bolo uspesne nastavene (heslo vyprsi o 365 dni).
2025-10-03 05:30:02 [2.3] [INFO] Aplikujem politiku hesiel...
2025-10-03 05:30:10 [2.3] [INFO] Politika hesiel bola uspesne aplikovana
2025-10-03 05:30:10 [2.3] [INFO] === Sumarizacia ===
2025-10-03 05:30:10 [2.3] [INFO] Celkovy pocet uctov: 3
2025-10-03 05:30:10 [2.3] [INFO] Uspesne: 3
2025-10-03 05:30:10 [2.3] [INFO] Neuspesne: 0
2025-10-03 05:30:10 [2.3] [INFO] Ucet Root: USPESNE
2025-10-03 05:30:10 [2.3] [INFO] Ucet Admin: USPESNE
2025-10-03 05:30:10 [2.3] [INFO] Ucet Sklad: USPESNE
2025-10-03 05:30:10 [2.3] [INFO] INTUNE_RESULT: SUCCESS - Vsetky ucty boli uspesne spracovane.
2025-10-03 05:30:10 [2.3] [INFO] === Koniec skriptu ===
2025-10-04 05:30:01 [2.3] [INFO] === Start skriptu ===
2025-10-04 05:30:01 [2.3] [INFO] Verzia: 2.3
2025-10-04 05:30:01 [2.3] [INFO] Pocitac: MOP8902
2025-10-04 05:30:01 [2.3] [INFO] Heslo pre Sklad: Tauris8902
2025-10-04 05:30:01 [2.3] [INFO] Spracovavam ucet: Root
2025-10-04 05:30:01 [2.3] [INFO] Heslo pre Root bolo uspesne nastavene (heslo vyprsi o 365 dni).
2025-10-04 05:30:01 [2.3] [INFO] Spracovavam ucet: Admin
2025-10-04 05:30:01 [2.3] [INFO] Heslo pre Admin bolo uspesne nastavene (heslo vyprsi o 365 dni).
2025-10-04 05:30:01 [2.3] [INFO] Spracovavam ucet: Sklad
2025-10-04 05:30:01 [2.3] [INFO] Heslo pre Sklad bolo uspesne nastavene (heslo vyprsi o 365 dni).
2025-10-04 05:30:01 [2.3] [INFO] Aplikujem politiku hesiel...
2025-10-04 05:30:09 [2.3] [INFO] Politika hesiel bola uspesne aplikovana
2025-10-04 05:30:09 [2.3] [INFO] === Sumarizacia ===
2025-10-04 05:30:09 [2.3] [INFO] Celkovy pocet uctov: 3
2025-10-04 05:30:09 [2.3] [INFO] Uspesne: 3
2025-10-04 05:30:09 [2.3] [INFO] Neuspesne: 0
2025-10-04 05:30:09 [2.3] [INFO] Ucet Root: USPESNE
2025-10-04 05:30:09 [2.3] [INFO] Ucet Admin: USPESNE
2025-10-04 05:30:09 [2.3] [INFO] Ucet Sklad: USPESNE
2025-10-04 05:30:09 [2.3] [INFO] INTUNE_RESULT: SUCCESS - Vsetky ucty boli uspesne spracovane.
2025-10-04 05:30:09 [2.3] [INFO] === Koniec skriptu ===
2025-10-05 05:30:01 [2.3] [INFO] === Start skriptu ===
2025-10-05 05:30:01 [2.3] [INFO] Verzia: 2.3
2025-10-05 05:30:01 [2.3] [INFO] Pocitac: MOP8902
2025-10-05 05:30:01 [2.3] [INFO] Heslo pre Sklad: Tauris8902
2025-10-05 05:30:01 [2.3] [INFO] Spracovavam ucet: Root
2025-10-05 05:30:01 [2.3] [INFO] Heslo pre Root bolo uspesne nastavene (heslo vyprsi o 365 dni).
2025-10-05 05:30:01 [2.3] [INFO] Spracovavam ucet: Admin
2025-10-05 05:30:01 [2.3] [INFO] Heslo pre Admin bolo uspesne nastavene (heslo vyprsi o 365 dni).
2025-10-05 05:30:01 [2.3] [INFO] Spracovavam ucet: Sklad
2025-10-05 05:30:01 [2.3] [INFO] Heslo pre Sklad bolo uspesne nastavene (heslo vyprsi o 365 dni).
2025-10-05 05:30:01 [2.3] [INFO] Aplikujem politiku hesiel...
2025-10-05 05:30:09 [2.3] [INFO] Politika hesiel bola uspesne aplikovana
2025-10-05 05:30:09 [2.3] [INFO] === Sumarizacia ===
2025-10-05 05:30:09 [2.3] [INFO] Celkovy pocet uctov: 3
2025-10-05 05:30:09 [2.3] [INFO] Uspesne: 3
2025-10-05 05:30:09 [2.3] [INFO] Neuspesne: 0
2025-10-05 05:30:09 [2.3] [INFO] Ucet Root: USPESNE
2025-10-05 05:30:09 [2.3] [INFO] Ucet Admin: USPESNE
2025-10-05 05:30:09 [2.3] [INFO] Ucet Sklad: USPESNE
2025-10-05 05:30:09 [2.3] [INFO] INTUNE_RESULT: SUCCESS - Vsetky ucty boli uspesne spracovane.
2025-10-05 05:30:09 [2.3] [INFO] === Koniec skriptu ===
2025-10-06 05:30:01 [2.3] [INFO] === Start skriptu ===
2025-10-06 05:30:01 [2.3] [INFO] Verzia: 2.3
2025-10-06 05:30:01 [2.3] [INFO] Pocitac: MOP8902
2025-10-06 05:30:01 [2.3] [INFO] Heslo pre Sklad: Tauris8902
2025-10-06 05:30:01 [2.3] [INFO] Spracovavam ucet: Root
2025-10-06 05:30:01 [2.3] [INFO] Heslo pre Root bolo uspesne nastavene (heslo vyprsi o 365 dni).
2025-10-06 05:30:01 [2.3] [INFO] Spracovavam ucet: Admin
2025-10-06 05:30:01 [2.3] [INFO] Heslo pre Admin bolo uspesne nastavene (heslo vyprsi o 365 dni).
2025-10-06 05:30:01 [2.3] [INFO] Spracovavam ucet: Sklad
2025-10-06 05:30:01 [2.3] [INFO] Heslo pre Sklad bolo uspesne nastavene (heslo vyprsi o 365 dni).
2025-10-06 05:30:01 [2.3] [INFO] Aplikujem politiku hesiel...
2025-10-06 05:30:09 [2.3] [INFO] Politika hesiel bola uspesne aplikovana
2025-10-06 05:30:09 [2.3] [INFO] === Sumarizacia ===
2025-10-06 05:30:09 [2.3] [INFO] Celkovy pocet uctov: 3
2025-10-06 05:30:09 [2.3] [INFO] Uspesne: 3
2025-10-06 05:30:09 [2.3] [INFO] Neuspesne: 0
2025-10-06 05:30:09 [2.3] [INFO] Ucet Root: USPESNE
2025-10-06 05:30:09 [2.3] [INFO] Ucet Admin: USPESNE
2025-10-06 05:30:09 [2.3] [INFO] Ucet Sklad: USPESNE
2025-10-06 05:30:09 [2.3] [INFO] INTUNE_RESULT: SUCCESS - Vsetky ucty boli uspesne spracovane.
2025-10-06 05:30:09 [2.3] [INFO] === Koniec skriptu ===
2025-10-07 05:30:01 [2.3] [INFO] === Start skriptu ===
2025-10-07 05:30:01 [2.3] [INFO] Verzia: 2.3
2025-10-07 05:30:01 [2.3] [INFO] Pocitac: MOP8902
2025-10-07 05:30:01 [2.3] [INFO] Heslo pre Sklad: Tauris8902
2025-10-07 05:30:01 [2.3] [INFO] Spracovavam ucet: Root
2025-10-07 05:30:01 [2.3] [INFO] Heslo pre Root bolo uspesne nastavene (heslo vyprsi o 365 dni).
2025-10-07 05:30:01 [2.3] [INFO] Spracovavam ucet: Admin
2025-10-07 05:30:01 [2.3] [INFO] Heslo pre Admin bolo uspesne nastavene (heslo vyprsi o 365 dni).
2025-10-07 05:30:01 [2.3] [INFO] Spracovavam ucet: Sklad
2025-10-07 05:30:01 [2.3] [INFO] Heslo pre Sklad bolo uspesne nastavene (heslo vyprsi o 365 dni).
2025-10-07 05:30:01 [2.3] [INFO] Aplikujem politiku hesiel...
2025-10-07 05:30:09 [2.3] [INFO] Politika hesiel bola uspesne aplikovana
2025-10-07 05:30:09 [2.3] [INFO] === Sumarizacia ===
2025-10-07 05:30:09 [2.3] [INFO] Celkovy pocet uctov: 3
2025-10-07 05:30:09 [2.3] [INFO] Uspesne: 3
2025-10-07 05:30:09 [2.3] [INFO] Neuspesne: 0
2025-10-07 05:30:09 [2.3] [INFO] Ucet Root: USPESNE
2025-10-07 05:30:09 [2.3] [INFO] Ucet Admin: USPESNE
2025-10-07 05:30:09 [2.3] [INFO] Ucet Sklad: USPESNE
2025-10-07 05:30:09 [2.3] [INFO] INTUNE_RESULT: SUCCESS - Vsetky ucty boli uspesne spracovane.
2025-10-07 05:30:09 [2.3] [INFO] === Koniec skriptu ===
2025-10-08 05:30:01 [2.3] [INFO] === Start skriptu ===
2025-10-08 05:30:01 [2.3] [INFO] Verzia: 2.3
2025-10-08 05:30:01 [2.3] [INFO] Pocitac: MOP8902
2025-10-08 05:30:01 [2.3] [INFO] Heslo pre Sklad: Tauris8902
2025-10-08 05:30:01 [2.3] [INFO] Spracovavam ucet: Root
2025-10-08 05:30:01 [2.3] [INFO] Heslo pre Root bolo uspesne nastavene (heslo vyprsi o 365 dni).
2025-10-08 05:30:01 [2.3] [INFO] Spracovavam ucet: Admin
2025-10-08 05:30:01 [2.3] [INFO] Heslo pre Admin bolo uspesne nastavene (heslo vyprsi o 365 dni).
2025-10-08 05:30:01 [2.3] [INFO] Spracovavam ucet: Sklad
2025-10-08 05:30:01 [2.3] [INFO] Heslo pre Sklad bolo uspesne nastavene (heslo vyprsi o 365 dni).
2025-10-08 05:30:02 [2.3] [INFO] Aplikujem politiku hesiel...
2025-10-08 05:30:09 [2.3] [INFO] Politika hesiel bola uspesne aplikovana
2025-10-08 05:30:09 [2.3] [INFO] === Sumarizacia ===
2025-10-08 05:30:09 [2.3] [INFO] Celkovy pocet uctov: 3
2025-10-08 05:30:09 [2.3] [INFO] Uspesne: 3
2025-10-08 05:30:09 [2.3] [INFO] Neuspesne: 0
2025-10-08 05:30:09 [2.3] [INFO] Ucet Root: USPESNE
2025-10-08 05:30:09 [2.3] [INFO] Ucet Admin: USPESNE
2025-10-08 05:30:09 [2.3] [INFO] Ucet Sklad: USPESNE
2025-10-08 05:30:09 [2.3] [INFO] INTUNE_RESULT: SUCCESS - Vsetky ucty boli uspesne spracovane.
2025-10-08 05:30:09 [2.3] [INFO] === Koniec skriptu ===
2025-10-09 05:30:01 [2.3] [INFO] === Start skriptu ===
2025-10-09 05:30:01 [2.3] [INFO] Verzia: 2.3
2025-10-09 05:30:01 [2.3] [INFO] Pocitac: MOP8902
2025-10-09 05:30:01 [2.3] [INFO] Heslo pre Sklad: Tauris8902
2025-10-09 05:30:01 [2.3] [INFO] Spracovavam ucet: Root
2025-10-09 05:30:01 [2.3] [INFO] Heslo pre Root bolo uspesne nastavene (heslo vyprsi o 365 dni).
2025-10-09 05:30:01 [2.3] [INFO] Spracovavam ucet: Admin
2025-10-09 05:30:01 [2.3] [INFO] Heslo pre Admin bolo uspesne nastavene (heslo vyprsi o 365 dni).
2025-10-09 05:30:01 [2.3] [INFO] Spracovavam ucet: Sklad
2025-10-09 05:30:01 [2.3] [INFO] Heslo pre Sklad bolo uspesne nastavene (heslo vyprsi o 365 dni).
2025-10-09 05:30:02 [2.3] [INFO] Aplikujem politiku hesiel...
2025-10-09 05:30:09 [2.3] [INFO] Politika hesiel bola uspesne aplikovana
2025-10-09 05:30:09 [2.3] [INFO] === Sumarizacia ===
2025-10-09 05:30:09 [2.3] [INFO] Celkovy pocet uctov: 3
2025-10-09 05:30:09 [2.3] [INFO] Uspesne: 3
2025-10-09 05:30:09 [2.3] [INFO] Neuspesne: 0
2025-10-09 05:30:09 [2.3] [INFO] Ucet Root: USPESNE
2025-10-09 05:30:09 [2.3] [INFO] Ucet Admin: USPESNE
2025-10-09 05:30:09 [2.3] [INFO] Ucet Sklad: USPESNE
2025-10-09 05:30:09 [2.3] [INFO] INTUNE_RESULT: SUCCESS - Vsetky ucty boli uspesne spracovane.
2025-10-09 05:30:09 [2.3] [INFO] === Koniec skriptu ===
2025-10-10 05:30:01 [2.3] [INFO] === Start skriptu ===
2025-10-10 05:30:01 [2.3] [INFO] Verzia: 2.3
2025-10-10 05:30:01 [2.3] [INFO] Pocitac: MOP8902
2025-10-10 05:30:01 [2.3] [INFO] Heslo pre Sklad: Tauris8902
2025-10-10 05:30:01 [2.3] [INFO] Spracovavam ucet: Root
2025-10-10 05:30:01 [2.3] [INFO] Heslo pre Root bolo uspesne nastavene (heslo vyprsi o 365 dni).
2025-10-10 05:30:01 [2.3] [INFO] Spracovavam ucet: Admin
2025-10-10 05:30:02 [2.3] [INFO] Heslo pre Admin bolo uspesne nastavene (heslo vyprsi o 365 dni).
2025-10-10 05:30:02 [2.3] [INFO] Spracovavam ucet: Sklad
2025-10-10 05:30:02 [2.3] [INFO] Heslo pre Sklad bolo uspesne nastavene (heslo vyprsi o 365 dni).
2025-10-10 05:30:02 [2.3] [INFO] Aplikujem politiku hesiel...
2025-10-10 05:30:09 [2.3] [INFO] Politika hesiel bola uspesne aplikovana
2025-10-10 05:30:09 [2.3] [INFO] === Sumarizacia ===
2025-10-10 05:30:09 [2.3] [INFO] Celkovy pocet uctov: 3
2025-10-10 05:30:09 [2.3] [INFO] Uspesne: 3
2025-10-10 05:30:09 [2.3] [INFO] Neuspesne: 0
2025-10-10 05:30:09 [2.3] [INFO] Ucet Root: USPESNE
2025-10-10 05:30:09 [2.3] [INFO] Ucet Admin: USPESNE
2025-10-10 05:30:09 [2.3] [INFO] Ucet Sklad: USPESNE
2025-10-10 05:30:09 [2.3] [INFO] INTUNE_RESULT: SUCCESS - Vsetky ucty boli uspesne spracovane.
2025-10-10 05:30:09 [2.3] [INFO] === Koniec skriptu ===
2025-10-11 05:30:01 [2.3] [INFO] === Start skriptu ===
2025-10-11 05:30:01 [2.3] [INFO] Verzia: 2.3
2025-10-11 05:30:01 [2.3] [INFO] Pocitac: MOP8902
2025-10-11 05:30:01 [2.3] [INFO] Heslo pre Sklad: Tauris8902
2025-10-11 05:30:01 [2.3] [INFO] Spracovavam ucet: Root
2025-10-11 05:30:01 [2.3] [INFO] Heslo pre Root bolo uspesne nastavene (heslo vyprsi o 365 dni).
2025-10-11 05:30:01 [2.3] [INFO] Spracovavam ucet: Admin
2025-10-11 05:30:01 [2.3] [INFO] Heslo pre Admin bolo uspesne nastavene (heslo vyprsi o 365 dni).
2025-10-11 05:30:01 [2.3] [INFO] Spracovavam ucet: Sklad
2025-10-11 05:30:01 [2.3] [INFO] Heslo pre Sklad bolo uspesne nastavene (heslo vyprsi o 365 dni).
2025-10-11 05:30:02 [2.3] [INFO] Aplikujem politiku hesiel...
2025-10-11 05:30:09 [2.3] [INFO] Politika hesiel bola uspesne aplikovana
2025-10-11 05:30:09 [2.3] [INFO] === Sumarizacia ===
2025-10-11 05:30:09 [2.3] [INFO] Celkovy pocet uctov: 3
2025-10-11 05:30:09 [2.3] [INFO] Uspesne: 3
2025-10-11 05:30:09 [2.3] [INFO] Neuspesne: 0
2025-10-11 05:30:09 [2.3] [INFO] Ucet Root: USPESNE
2025-10-11 05:30:09 [2.3] [INFO] Ucet Admin: USPESNE
2025-10-11 05:30:09 [2.3] [INFO] Ucet Sklad: USPESNE
2025-10-11 05:30:09 [2.3] [INFO] INTUNE_RESULT: SUCCESS - Vsetky ucty boli uspesne spracovane.
2025-10-11 05:30:09 [2.3] [INFO] === Koniec skriptu ===
2025-10-12 05:30:02 [2.3] [INFO] === Start skriptu ===
2025-10-12 05:30:02 [2.3] [INFO] Verzia: 2.3
2025-10-12 05:30:02 [2.3] [INFO] Pocitac: MOP8902
2025-10-12 05:30:02 [2.3] [INFO] Heslo pre Sklad: Tauris8902
2025-10-12 05:30:02 [2.3] [INFO] Spracovavam ucet: Root
2025-10-12 05:30:02 [2.3] [INFO] Heslo pre Root bolo uspesne nastavene (heslo vyprsi o 365 dni).
2025-10-12 05:30:02 [2.3] [INFO] Spracovavam ucet: Admin
2025-10-12 05:30:02 [2.3] [INFO] Heslo pre Admin bolo uspesne nastavene (heslo vyprsi o 365 dni).
2025-10-12 05:30:02 [2.3] [INFO] Spracovavam ucet: Sklad
2025-10-12 05:30:03 [2.3] [INFO] Heslo pre Sklad bolo uspesne nastavene (heslo vyprsi o 365 dni).
2025-10-12 05:30:03 [2.3] [INFO] Aplikujem politiku hesiel...
2025-10-12 05:30:10 [2.3] [INFO] Politika hesiel bola uspesne aplikovana
2025-10-12 05:30:10 [2.3] [INFO] === Sumarizacia ===
2025-10-12 05:30:10 [2.3] [INFO] Celkovy pocet uctov: 3
2025-10-12 05:30:10 [2.3] [INFO] Uspesne: 3
2025-10-12 05:30:10 [2.3] [INFO] Neuspesne: 0
2025-10-12 05:30:10 [2.3] [INFO] Ucet Root: USPESNE
2025-10-12 05:30:10 [2.3] [INFO] Ucet Admin: USPESNE
2025-10-12 05:30:10 [2.3] [INFO] Ucet Sklad: USPESNE
2025-10-12 05:30:10 [2.3] [INFO] INTUNE_RESULT: SUCCESS - Vsetky ucty boli uspesne spracovane.
2025-10-12 05:30:10 [2.3] [INFO] === Koniec skriptu ===
2025-10-13 05:30:01 [2.3] [INFO] === Start skriptu ===
2025-10-13 05:30:01 [2.3] [INFO] Verzia: 2.3
2025-10-13 05:30:01 [2.3] [INFO] Pocitac: MOP8902
2025-10-13 05:30:01 [2.3] [INFO] Heslo pre Sklad: Tauris8902
2025-10-13 05:30:01 [2.3] [INFO] Spracovavam ucet: Root
2025-10-13 05:30:01 [2.3] [INFO] Heslo pre Root bolo uspesne nastavene (heslo vyprsi o 365 dni).
2025-10-13 05:30:01 [2.3] [INFO] Spracovavam ucet: Admin
2025-10-13 05:30:01 [2.3] [INFO] Heslo pre Admin bolo uspesne nastavene (heslo vyprsi o 365 dni).
2025-10-13 05:30:01 [2.3] [INFO] Spracovavam ucet: Sklad
2025-10-13 05:30:01 [2.3] [INFO] Heslo pre Sklad bolo uspesne nastavene (heslo vyprsi o 365 dni).
2025-10-13 05:30:02 [2.3] [INFO] Aplikujem politiku hesiel...
2025-10-13 05:30:09 [2.3] [INFO] Politika hesiel bola uspesne aplikovana
2025-10-13 05:30:09 [2.3] [INFO] === Sumarizacia ===
2025-10-13 05:30:09 [2.3] [INFO] Celkovy pocet uctov: 3
2025-10-13 05:30:09 [2.3] [INFO] Uspesne: 3
2025-10-13 05:30:09 [2.3] [INFO] Neuspesne: 0
2025-10-13 05:30:09 [2.3] [INFO] Ucet Root: USPESNE
2025-10-13 05:30:09 [2.3] [INFO] Ucet Admin: USPESNE
2025-10-13 05:30:09 [2.3] [INFO] Ucet Sklad: USPESNE
2025-10-13 05:30:09 [2.3] [INFO] INTUNE_RESULT: SUCCESS - Vsetky ucty boli uspesne spracovane.
2025-10-13 05:30:09 [2.3] [INFO] === Koniec skriptu ===
